Построение начато 11.03.2017 16:29:55.
     1>Проект "D:\PROJECTS\QuadraticEquation\QuadraticEquation\QuadraticEquation.vcxproj" в узле 2 (целевые объекты build).
     1>C:\Windows\Microsoft.NET\Framework\v4.0.30319\Microsoft.Common.Targets(983,5): warning MSB3644: Справочная сборка для инфраструктуры ".NETFramework,Version=v4.0" не найдена. Чтобы исправить эту ошибку, установите SDK или пакет адресации для этой версии инфраструктуры, или измените целевую инфраструктуру приложения на версию, для которой установлен SDK или пакет адресации. Учтите, что сборки будут разрешены из глобального кэша сборок (GAC) и будут использоваться вместо справочных сборок. Поэтому они могут неправильно использовать выбранную инфраструктуру в качестве целевой.
     1>PrepareForBuild:
         Создание каталога "D:\PROJECTS\QuadraticEquation\Debug\".
       InitializeBuildStatus:
         Создание "Debug\QuadraticEquation.unsuccessfulbuild", так как было задано "AlwaysCreate".
       ClCompile:
         C:\Program Files (x86)\Microsoft Visual Studio 10.0\VC\bin\CL.exe /c /ZI /nologo /W3 /WX- /Od /Oy- /D WIN32 /D _DEBUG /D _CONSOLE /D _UNICODE /D UNICODE /Gm /EHsc /RTC1 /MDd /GS /fp:precise /Zc:wchar_t /Zc:forScope /Yc"StdAfx.h" /Fp"Debug\QuadraticEquation.pch" /Fo"Debug\\" /Fd"Debug\vc100.pdb" /Gd /TP /analyze- /errorReport:prompt stdafx.cpp
         stdafx.cpp
         C:\Program Files (x86)\Microsoft Visual Studio 10.0\VC\bin\CL.exe /c /ZI /nologo /W3 /WX- /Od /Oy- /D WIN32 /D _DEBUG /D _CONSOLE /D _UNICODE /D UNICODE /Gm /EHsc /RTC1 /MDd /GS /fp:precise /Zc:wchar_t /Zc:forScope /Yu"StdAfx.h" /Fp"Debug\QuadraticEquation.pch" /Fo"Debug\\" /Fd"Debug\vc100.pdb" /Gd /TP /analyze- /errorReport:prompt QuadraticEquation.cpp
         QuadraticEquation.cpp
       ManifestResourceCompile:
         C:\Program Files (x86)\Microsoft SDKs\Windows\v7.0A\bin\rc.exe /nologo /fo"Debug\QuadraticEquation.exe.embed.manifest.res" Debug\QuadraticEquation_manifest.rc 
       Link:
         C:\Program Files (x86)\Microsoft Visual Studio 10.0\VC\bin\link.exe /ERRORREPORT:PROMPT /OUT:"D:\PROJECTS\QuadraticEquation\Debug\QuadraticEquation.exe" /INCREMENTAL /NOLOGO kernel32.lib user32.lib gdi32.lib winspool.lib comdlg32.lib advapi32.lib shell32.lib ole32.lib oleaut32.lib uuid.lib odbc32.lib odbccp32.lib /MANIFEST /ManifestFile:"Debug\QuadraticEquation.exe.intermediate.manifest" /MANIFESTUAC:"level='asInvoker' uiAccess='false'" /DEBUG /PDB:"D:\PROJECTS\QuadraticEquation\Debug\QuadraticEquation.pdb" /SUBSYSTEM:CONSOLE /TLBID:1 /DYNAMICBASE /NXCOMPAT /IMPLIB:"D:\PROJECTS\QuadraticEquation\Debug\QuadraticEquation.lib" /MACHINE:X86 Debug\QuadraticEquation.exe.embed.manifest.res
         Debug\QuadraticEquation.obj
         Debug\stdafx.obj
     1>LINK : fatal error LNK1123: сбой при преобразовании в COFF: файл недопустим или поврежден
     1>Построение проекта "D:\PROJECTS\QuadraticEquation\QuadraticEquation\QuadraticEquation.vcxproj" завершено (целевые объекты build) с ошибкой.

СБОЙ построения.

Затраченное время: 00:00:12.85
