Построение начато 11.03.2017 18:08:37.
     1>Проект "D:\PROJECTS\QuadraticEquation\QuadraticEquation\QuadraticEquation.vcxproj" в узле 2 (целевые объекты build).
     1>C:\Windows\Microsoft.NET\Framework\v4.0.30319\Microsoft.Common.Targets(983,5): warning MSB3644: Справочная сборка для инфраструктуры ".NETFramework,Version=v4.0" не найдена. Чтобы исправить эту ошибку, установите SDK или пакет адресации для этой версии инфраструктуры, или измените целевую инфраструктуру приложения на версию, для которой установлен SDK или пакет адресации. Учтите, что сборки будут разрешены из глобального кэша сборок (GAC) и будут использоваться вместо справочных сборок. Поэтому они могут неправильно использовать выбранную инфраструктуру в качестве целевой.
     1>InitializeBuildStatus:
         Создание "Release\QuadraticEquation.unsuccessfulbuild", так как было задано "AlwaysCreate".
       ClCompile:
         Для всех выходных данных обновления не требуется.
         C:\Program Files (x86)\Microsoft Visual Studio 10.0\VC\bin\CL.exe /c /Zi /nologo /W3 /WX- /O2 /Oi /Oy- /GL /D WIN32 /D NDEBUG /D _CONSOLE /D _UNICODE /D UNICODE /Gm- /EHsc /MD /GS /Gy /fp:precise /Zc:wchar_t /Zc:forScope /Yu"StdAfx.h" /Fp"Release\QuadraticEquation.pch" /Fo"Release\\" /Fd"Release\vc100.pdb" /Gd /TP /analyze- /errorReport:prompt QuadraticEquation.cpp
         QuadraticEquation.cpp
       Link:
         C:\Program Files (x86)\Microsoft Visual Studio 10.0\VC\bin\link.exe /ERRORREPORT:PROMPT /OUT:"D:\PROJECTS\QuadraticEquation\Release\QuadraticEquation.exe" /INCREMENTAL:NO /NOLOGO kernel32.lib user32.lib gdi32.lib winspool.lib comdlg32.lib advapi32.lib shell32.lib ole32.lib oleaut32.lib uuid.lib odbc32.lib odbccp32.lib /MANIFEST /ManifestFile:"Release\QuadraticEquation.exe.intermediate.manifest" /MANIFESTUAC:"level='asInvoker' uiAccess='false'" /DEBUG /PDB:"D:\PROJECTS\QuadraticEquation\Release\QuadraticEquation.pdb" /SUBSYSTEM:CONSOLE /OPT:REF /OPT:ICF /LTCG /TLBID:1 /DYNAMICBASE /NXCOMPAT /IMPLIB:"D:\PROJECTS\QuadraticEquation\Release\QuadraticEquation.lib" /MACHINE:X86 Release\QuadraticEquation.obj
         Release\stdafx.obj
         Создание кода
         Создание кода завершено
         QuadraticEquation.vcxproj -> D:\PROJECTS\QuadraticEquation\Release\QuadraticEquation.exe
       Manifest:
         C:\Program Files (x86)\Microsoft SDKs\Windows\v7.0A\bin\mt.exe /nologo /verbose /outputresource:"D:\PROJECTS\QuadraticEquation\Release\QuadraticEquation.exe;#1" /manifest Release\QuadraticEquation.exe.intermediate.manifest
       FinalizeBuildStatus:
         Файл "Release\QuadraticEquation.unsuccessfulbuild" удаляется.
         Обращение к "Release\QuadraticEquation.lastbuildstate".
     1>Построение проекта "D:\PROJECTS\QuadraticEquation\QuadraticEquation\QuadraticEquation.vcxproj" завершено (целевые объекты build).

Построение успешно завершено.

Затраченное время: 00:00:02.26
